<?xml version="1.0" encoding="UTF-8"?>
<!-- Generated by org.testng.reporters.JUnitXMLReporter -->
<testsuite hostname="Diksha-Lapi" ignored="0" name="Command line test" tests="19" failures="1" timestamp="24 Sep 2017 03:26:38 GMT" time="0.52" errors="0">
  <testcase name="validNumTest" time="0.115" classname="com.util.test.FactorialTest"/>
  <testcase name="validNumTest" time="0.001" classname="com.util.test.FactorialTest"/>
  <testcase name="validNumTest" time="0.0" classname="com.util.test.FactorialTest"/>
  <testcase name="validNumTest" time="0.0" classname="com.util.test.FactorialTest"/>
  <testcase name="validNumTest" time="0.0" classname="com.util.test.FactorialTest"/>
  <testcase name="validStringTest" time="0.001" classname="com.util.test.PalindromeTest"/>
  <testcase name="validStringTest" time="0.001" classname="com.util.test.PalindromeTest"/>
  <testcase name="validStringTest" time="0.0" classname="com.util.test.PalindromeTest"/>
  <testcase name="validStringTest" time="0.001" classname="com.util.test.PalindromeTest"/>
  <testcase name="validStringTest" time="0.0" classname="com.util.test.PalindromeTest"/>
  <testcase name="validStringTest" time="0.001" classname="com.util.test.PalindromeTest"/>
  <testcase name="validStringTest" time="0.015" classname="com.util.test.PalindromeTest"/>
  <testcase name="validStringTest" time="0.0" classname="com.util.test.PalindromeTest"/>
  <testcase name="validStringTest" time="0.001" classname="com.util.test.ReverseStringTest"/>
  <testcase name="validStringTest" time="0.001" classname="com.util.test.ReverseStringTest">
    <failure type="java.lang.AssertionError" message="expected [] but found [llun]">
      <![CDATA[java.lang.AssertionError: expected [] but found [llun]
	at com.util.test.ReverseStringTest.validStringTest(ReverseStringTest.java:69)
... Removed 41 stack frames]]>
    </failure>
  </testcase> <!-- validStringTest -->
  <testcase name="validStringTest" time="0.0" classname="com.util.test.ReverseStringTest"/>
  <testcase name="validStringTest" time="0.001" classname="com.util.test.ReverseStringTest"/>
  <testcase name="validStringTest" time="0.0" classname="com.util.test.ReverseStringTest"/>
  <testcase name="validStringTest" time="0.001" classname="com.util.test.ReverseStringTest"/>
</testsuite> <!-- Command line test -->
