<?xml version="1.0" encoding="UTF-8"?>
<testng-results skipped="0" failed="1" ignored="0" total="19" passed="18">
  <reporter-output>
    <line>
      <![CDATA[
Begin validNumTest]]>
    </line>
    <line>
      <![CDATA[Complete validNumTest]]>
    </line>
    <line>
      <![CDATA[
Begin validNumTest]]>
    </line>
    <line>
      <![CDATA[Complete validNumTest]]>
    </line>
    <line>
      <![CDATA[
Begin validNumTest]]>
    </line>
    <line>
      <![CDATA[Complete validNumTest]]>
    </line>
    <line>
      <![CDATA[
Begin validNumTest]]>
    </line>
    <line>
      <![CDATA[Complete validNumTest]]>
    </line>
    <line>
      <![CDATA[
Begin validNumTest]]>
    </line>
    <line>
      <![CDATA[Complete validNumTest]]>
    </line>
    <line>
      <![CDATA[
Begin validStringTest]]>
    </line>
    <line>
      <![CDATA[Complete validStringTest]]>
    </line>
    <line>
      <![CDATA[
Begin validStringTest]]>
    </line>
    <line>
      <![CDATA[Complete validStringTest]]>
    </line>
    <line>
      <![CDATA[
Begin validStringTest]]>
    </line>
    <line>
      <![CDATA[Complete validStringTest]]>
    </line>
    <line>
      <![CDATA[
Begin validStringTest]]>
    </line>
    <line>
      <![CDATA[Complete validStringTest]]>
    </line>
    <line>
      <![CDATA[
Begin validStringTest]]>
    </line>
    <line>
      <![CDATA[Complete validStringTest]]>
    </line>
    <line>
      <![CDATA[
Begin validStringTest]]>
    </line>
    <line>
      <![CDATA[Complete validStringTest]]>
    </line>
    <line>
      <![CDATA[
Begin validStringTest]]>
    </line>
    <line>
      <![CDATA[
Begin validStringTest]]>
    </line>
    <line>
      <![CDATA[Complete validStringTest]]>
    </line>
    <line>
      <![CDATA[
Begin validStringTest]]>
    </line>
    <line>
      <![CDATA[Complete validStringTest]]>
    </line>
    <line>
      <![CDATA[
Begin validStringTest]]>
    </line>
    <line>
      <![CDATA[
Begin validStringTest]]>
    </line>
    <line>
      <![CDATA[Complete validStringTest]]>
    </line>
    <line>
      <![CDATA[
Begin validStringTest]]>
    </line>
    <line>
      <![CDATA[Complete validStringTest]]>
    </line>
    <line>
      <![CDATA[
Begin validStringTest]]>
    </line>
    <line>
      <![CDATA[Complete validStringTest]]>
    </line>
    <line>
      <![CDATA[
Begin validStringTest]]>
    </line>
  </reporter-output>
  <suite name="Command line suite" duration-ms="520" started-at="2017-09-24T03:26:37Z" finished-at="2017-09-24T03:26:38Z">
    <groups>
      <group name="{sanity,regression}">
        <method signature="PalindromeTest.validStringTest(java.lang.String, java.lang.String)[pri:0, instance:com.util.test.PalindromeTest@e580929]" name="validStringTest" class="com.util.test.PalindromeTest"/>
      </group> <!-- {sanity,regression} -->
      <group name="regression">
        <method signature="ReverseStringTest.validStringTest(java.lang.String, java.lang.String)[pri:0, instance:com.util.test.ReverseStringTest@1cd072a9]" name="validStringTest" class="com.util.test.ReverseStringTest"/>
      </group> <!-- regression -->
      <group name="{smoke,regression}">
        <method signature="FactorialTest.validNumTest(int, int)[pri:0, instance:com.util.test.FactorialTest@6bdf28bb]" name="validNumTest" class="com.util.test.FactorialTest"/>
      </group> <!-- {smoke,regression} -->
    </groups>
    <test name="Command line test" duration-ms="520" started-at="2017-09-24T03:26:37Z" finished-at="2017-09-24T03:26:38Z">
      <class name="com.util.test.FactorialTest">
        <test-method status="PASS" signature="validNumTest(int, int)[pri:0, instance:com.util.test.FactorialTest@6bdf28bb]" name="validNumTest" duration-ms="115" started-at="2017-09-23T20:26:38Z" data-provider="test1" finished-at="2017-09-23T20:26:38Z">
          <params>
            <param index="0">
              <value>
                <![CDATA[0]]>
              </value>
            </param>
            <param index="1">
              <value>
                <![CDATA[1]]>
              </value>
            </param>
          </params>
          <reporter-output>
            <line>
              <![CDATA[
Begin validNumTest]]>
            </line>
            <line>
              <![CDATA[Complete validNumTest]]>
            </line>
          </reporter-output>
        </test-method> <!-- validNumTest -->
        <test-method status="PASS" signature="validNumTest(int, int)[pri:0, instance:com.util.test.FactorialTest@6bdf28bb]" name="validNumTest" duration-ms="1" started-at="2017-09-23T20:26:38Z" data-provider="test1" finished-at="2017-09-23T20:26:38Z">
          <params>
            <param index="0">
              <value>
                <![CDATA[1]]>
              </value>
            </param>
            <param index="1">
              <value>
                <![CDATA[1]]>
              </value>
            </param>
          </params>
          <reporter-output>
            <line>
              <![CDATA[
Begin validNumTest]]>
            </line>
            <line>
              <![CDATA[Complete validNumTest]]>
            </line>
          </reporter-output>
        </test-method> <!-- validNumTest -->
        <test-method status="PASS" signature="validNumTest(int, int)[pri:0, instance:com.util.test.FactorialTest@6bdf28bb]" name="validNumTest" duration-ms="0" started-at="2017-09-23T20:26:38Z" data-provider="test1" finished-at="2017-09-23T20:26:38Z">
          <params>
            <param index="0">
              <value>
                <![CDATA[3]]>
              </value>
            </param>
            <param index="1">
              <value>
                <![CDATA[6]]>
              </value>
            </param>
          </params>
          <reporter-output>
            <line>
              <![CDATA[
Begin validNumTest]]>
            </line>
            <line>
              <![CDATA[Complete validNumTest]]>
            </line>
          </reporter-output>
        </test-method> <!-- validNumTest -->
        <test-method status="PASS" signature="validNumTest(int, int)[pri:0, instance:com.util.test.FactorialTest@6bdf28bb]" name="validNumTest" duration-ms="0" started-at="2017-09-23T20:26:38Z" data-provider="test1" finished-at="2017-09-23T20:26:38Z">
          <params>
            <param index="0">
              <value>
                <![CDATA[4]]>
              </value>
            </param>
            <param index="1">
              <value>
                <![CDATA[24]]>
              </value>
            </param>
          </params>
          <reporter-output>
            <line>
              <![CDATA[
Begin validNumTest]]>
            </line>
            <line>
              <![CDATA[Complete validNumTest]]>
            </line>
          </reporter-output>
        </test-method> <!-- validNumTest -->
        <test-method status="PASS" signature="validNumTest(int, int)[pri:0, instance:com.util.test.FactorialTest@6bdf28bb]" name="validNumTest" duration-ms="0" started-at="2017-09-23T20:26:38Z" data-provider="test1" finished-at="2017-09-23T20:26:38Z">
          <params>
            <param index="0">
              <value>
                <![CDATA[5]]>
              </value>
            </param>
            <param index="1">
              <value>
                <![CDATA[120]]>
              </value>
            </param>
          </params>
          <reporter-output>
            <line>
              <![CDATA[
Begin validNumTest]]>
            </line>
            <line>
              <![CDATA[Complete validNumTest]]>
            </line>
          </reporter-output>
        </test-method> <!-- validNumTest -->
      </class> <!-- com.util.test.FactorialTest -->
      <class name="com.util.test.PalindromeTest">
        <test-method status="PASS" signature="validStringTest(java.lang.String, java.lang.String)[pri:0, instance:com.util.test.PalindromeTest@e580929]" name="validStringTest" duration-ms="1" started-at="2017-09-23T20:26:38Z" data-provider="test1" finished-at="2017-09-23T20:26:38Z">
          <params>
            <param index="0">
              <value>
                <![CDATA[madam]]>
              </value>
            </param>
            <param index="1">
              <value>
                <![CDATA[madam]]>
              </value>
            </param>
          </params>
          <reporter-output>
            <line>
              <![CDATA[
Begin validStringTest]]>
            </line>
            <line>
              <![CDATA[Complete validStringTest]]>
            </line>
          </reporter-output>
        </test-method> <!-- validStringTest -->
        <test-method status="PASS" signature="validStringTest(java.lang.String, java.lang.String)[pri:0, instance:com.util.test.PalindromeTest@e580929]" name="validStringTest" duration-ms="1" started-at="2017-09-23T20:26:38Z" data-provider="test1" finished-at="2017-09-23T20:26:38Z">
          <params>
            <param index="0">
              <value>
                <![CDATA[]]>
              </value>
            </param>
            <param index="1">
              <value>
                <![CDATA[]]>
              </value>
            </param>
          </params>
          <reporter-output>
            <line>
              <![CDATA[
Begin validStringTest]]>
            </line>
            <line>
              <![CDATA[Complete validStringTest]]>
            </line>
          </reporter-output>
        </test-method> <!-- validStringTest -->
        <test-method status="PASS" signature="validStringTest(java.lang.String, java.lang.String)[pri:0, instance:com.util.test.PalindromeTest@e580929]" name="validStringTest" duration-ms="0" started-at="2017-09-23T20:26:38Z" data-provider="test1" finished-at="2017-09-23T20:26:38Z">
          <params>
            <param index="0">
              <value>
                <![CDATA[1234321]]>
              </value>
            </param>
            <param index="1">
              <value>
                <![CDATA[1234321]]>
              </value>
            </param>
          </params>
          <reporter-output>
            <line>
              <![CDATA[
Begin validStringTest]]>
            </line>
            <line>
              <![CDATA[Complete validStringTest]]>
            </line>
          </reporter-output>
        </test-method> <!-- validStringTest -->
        <test-method status="PASS" signature="validStringTest(java.lang.String, java.lang.String)[pri:0, instance:com.util.test.PalindromeTest@e580929]" name="validStringTest" duration-ms="1" started-at="2017-09-23T20:26:38Z" data-provider="test1" finished-at="2017-09-23T20:26:38Z">
          <params>
            <param index="0">
              <value>
                <![CDATA[*%#^#%*]]>
              </value>
            </param>
            <param index="1">
              <value>
                <![CDATA[*%#^#%*]]>
              </value>
            </param>
          </params>
          <reporter-output>
            <line>
              <![CDATA[
Begin validStringTest]]>
            </line>
            <line>
              <![CDATA[Complete validStringTest]]>
            </line>
          </reporter-output>
        </test-method> <!-- validStringTest -->
        <test-method status="PASS" signature="validStringTest(java.lang.String, java.lang.String)[pri:0, instance:com.util.test.PalindromeTest@e580929]" name="validStringTest" duration-ms="1" started-at="2017-09-23T20:26:38Z" data-provider="test1" finished-at="2017-09-23T20:26:38Z">
          <params>
            <param index="0">
              <value>
                <![CDATA[0201dad1020]]>
              </value>
            </param>
            <param index="1">
              <value>
                <![CDATA[0201dad1020]]>
              </value>
            </param>
          </params>
          <reporter-output>
            <line>
              <![CDATA[
Begin validStringTest]]>
            </line>
            <line>
              <![CDATA[Complete validStringTest]]>
            </line>
          </reporter-output>
        </test-method> <!-- validStringTest -->
        <test-method status="PASS" signature="validStringTest(java.lang.String, java.lang.String)[pri:0, instance:com.util.test.PalindromeTest@e580929]" name="validStringTest" duration-ms="0" started-at="2017-09-23T20:26:38Z" data-provider="test1" finished-at="2017-09-23T20:26:38Z">
          <params>
            <param index="0">
              <value>
                <![CDATA[a]]>
              </value>
            </param>
            <param index="1">
              <value>
                <![CDATA[a]]>
              </value>
            </param>
          </params>
          <reporter-output>
            <line>
              <![CDATA[
Begin validStringTest]]>
            </line>
            <line>
              <![CDATA[Complete validStringTest]]>
            </line>
          </reporter-output>
        </test-method> <!-- validStringTest -->
        <test-method status="PASS" signature="validStringTest(java.lang.String, java.lang.String)[pri:0, instance:com.util.test.PalindromeTest@e580929]" name="validStringTest" duration-ms="15" started-at="2017-09-23T20:26:38Z" data-provider="test1" finished-at="2017-09-23T20:26:38Z">
          <params>
            <param index="0">
              <value is-null="true"/>
            </param>
            <param index="1">
              <value>
                <![CDATA[]]>
              </value>
            </param>
          </params>
          <reporter-output>
            <line>
              <![CDATA[
Begin validStringTest]]>
            </line>
          </reporter-output>
        </test-method> <!-- validStringTest -->
        <test-method status="PASS" signature="validStringTest(java.lang.String, java.lang.String)[pri:0, instance:com.util.test.PalindromeTest@e580929]" name="validStringTest" duration-ms="0" started-at="2017-09-23T20:26:38Z" data-provider="test1" finished-at="2017-09-23T20:26:38Z">
          <params>
            <param index="0">
              <value>
                <![CDATA[diksha]]>
              </value>
            </param>
            <param index="1">
              <value>
                <![CDATA[ahskid]]>
              </value>
            </param>
          </params>
          <reporter-output>
            <line>
              <![CDATA[
Begin validStringTest]]>
            </line>
            <line>
              <![CDATA[Complete validStringTest]]>
            </line>
          </reporter-output>
        </test-method> <!-- validStringTest -->
      </class> <!-- com.util.test.PalindromeTest -->
      <class name="com.util.test.ReverseStringTest">
        <test-method status="PASS" signature="validStringTest(java.lang.String, java.lang.String)[pri:0, instance:com.util.test.ReverseStringTest@1cd072a9]" name="validStringTest" duration-ms="1" started-at="2017-09-23T20:26:38Z" data-provider="CSVtest" finished-at="2017-09-23T20:26:38Z">
          <params>
            <param index="0">
              <value>
                <![CDATA[diksha 0201]]>
              </value>
            </param>
            <param index="1">
              <value>
                <![CDATA[1020 ahskid]]>
              </value>
            </param>
          </params>
          <reporter-output>
            <line>
              <![CDATA[
Begin validStringTest]]>
            </line>
            <line>
              <![CDATA[Complete validStringTest]]>
            </line>
          </reporter-output>
        </test-method> <!-- validStringTest -->
        <test-method status="FAIL" signature="validStringTest(java.lang.String, java.lang.String)[pri:0, instance:com.util.test.ReverseStringTest@1cd072a9]" name="validStringTest" duration-ms="1" started-at="2017-09-23T20:26:38Z" data-provider="CSVtest" finished-at="2017-09-23T20:26:38Z">
          <params>
            <param index="0">
              <value>
                <![CDATA[null]]>
              </value>
            </param>
            <param index="1">
              <value>
                <![CDATA[]]>
              </value>
            </param>
          </params>
          <exception class="java.lang.AssertionError">
            <message>
              <![CDATA[expected [] but found [llun]]]>
            </message>
            <full-stacktrace>
              <![CDATA[java.lang.AssertionError: expected [] but found [llun]
	at org.testng.Assert.fail(Assert.java:94)
	at org.testng.Assert.failNotEquals(Assert.java:513)
	at org.testng.Assert.assertEqualsImpl(Assert.java:135)
	at org.testng.Assert.assertEquals(Assert.java:116)
	at org.testng.Assert.assertEquals(Assert.java:190)
	at org.testng.Assert.assertEquals(Assert.java:200)
	at com.util.test.ReverseStringTest.validStringTest(ReverseStringTest.java:69)
	at sun.reflect.NativeMethodAccessorImpl.invoke0(Native Method)
	at sun.reflect.NativeMethodAccessorImpl.invoke(NativeMethodAccessorImpl.java:62)
	at sun.reflect.DelegatingMethodAccessorImpl.invoke(DelegatingMethodAccessorImpl.java:43)
	at java.lang.reflect.Method.invoke(Method.java:498)
	at org.testng.internal.MethodInvocationHelper.invokeMethod(MethodInvocationHelper.java:104)
	at org.testng.internal.Invoker.invokeMethod(Invoker.java:645)
	at org.testng.internal.Invoker.invokeTestMethod(Invoker.java:851)
	at org.testng.internal.Invoker.invokeTestMethods(Invoker.java:1177)
	at org.testng.internal.TestMethodWorker.invokeTestMethods(TestMethodWorker.java:129)
	at org.testng.internal.TestMethodWorker.run(TestMethodWorker.java:112)
	at org.testng.TestRunner.privateRun(TestRunner.java:756)
	at org.testng.TestRunner.run(TestRunner.java:610)
	at org.testng.SuiteRunner.runTest(SuiteRunner.java:387)
	at org.testng.SuiteRunner.runSequentially(SuiteRunner.java:382)
	at org.testng.SuiteRunner.privateRun(SuiteRunner.java:340)
	at org.testng.SuiteRunner.run(SuiteRunner.java:289)
	at org.testng.SuiteRunnerWorker.runSuite(SuiteRunnerWorker.java:52)
	at org.testng.SuiteRunnerWorker.run(SuiteRunnerWorker.java:86)
	at org.testng.TestNG.runSuitesSequentially(TestNG.java:1293)
	at org.testng.TestNG.runSuitesLocally(TestNG.java:1218)
	at org.testng.TestNG.runSuites(TestNG.java:1133)
	at org.testng.TestNG.run(TestNG.java:1104)
	at org.apache.maven.surefire.testng.TestNGExecutor.run(TestNGExecutor.java:77)
	at org.apache.maven.surefire.testng.TestNGDirectoryTestSuite.executeMulti(TestNGDirectoryTestSuite.java:159)
	at org.apache.maven.surefire.testng.TestNGDirectoryTestSuite.execute(TestNGDirectoryTestSuite.java:99)
	at org.apache.maven.surefire.testng.TestNGProvider.invoke(TestNGProvider.java:106)
	at sun.reflect.NativeMethodAccessorImpl.invoke0(Native Method)
	at sun.reflect.NativeMethodAccessorImpl.invoke(NativeMethodAccessorImpl.java:62)
	at sun.reflect.DelegatingMethodAccessorImpl.invoke(DelegatingMethodAccessorImpl.java:43)
	at java.lang.reflect.Method.invoke(Method.java:498)
	at org.apache.maven.surefire.util.ReflectionUtils.invokeMethodWithArray(ReflectionUtils.java:189)
	at org.apache.maven.surefire.booter.ProviderFactory$ProviderProxy.invoke(ProviderFactory.java:165)
	at org.apache.maven.surefire.booter.ProviderFactory.invokeProvider(ProviderFactory.java:85)
	at org.apache.maven.surefire.booter.ForkedBooter.runSuitesInProcess(ForkedBooter.java:115)
	at org.apache.maven.surefire.booter.ForkedBooter.main(ForkedBooter.java:75)
]]>
            </full-stacktrace>
          </exception> <!-- java.lang.AssertionError -->
          <reporter-output>
            <line>
              <![CDATA[
Begin validStringTest]]>
            </line>
          </reporter-output>
        </test-method> <!-- validStringTest -->
        <test-method status="PASS" signature="validStringTest(java.lang.String, java.lang.String)[pri:0, instance:com.util.test.ReverseStringTest@1cd072a9]" name="validStringTest" duration-ms="0" started-at="2017-09-23T20:26:38Z" data-provider="CSVtest" finished-at="2017-09-23T20:26:38Z">
          <params>
            <param index="0">
              <value>
                <![CDATA[bayamp tech]]>
              </value>
            </param>
            <param index="1">
              <value>
                <![CDATA[hcet pmayab]]>
              </value>
            </param>
          </params>
          <reporter-output>
            <line>
              <![CDATA[
Begin validStringTest]]>
            </line>
            <line>
              <![CDATA[Complete validStringTest]]>
            </line>
          </reporter-output>
        </test-method> <!-- validStringTest -->
        <test-method status="PASS" signature="validStringTest(java.lang.String, java.lang.String)[pri:0, instance:com.util.test.ReverseStringTest@1cd072a9]" name="validStringTest" duration-ms="1" started-at="2017-09-23T20:26:38Z" data-provider="CSVtest" finished-at="2017-09-23T20:26:38Z">
          <params>
            <param index="0">
              <value>
                <![CDATA[@#$%^&]]>
              </value>
            </param>
            <param index="1">
              <value>
                <![CDATA[&^%$#@]]>
              </value>
            </param>
          </params>
          <reporter-output>
            <line>
              <![CDATA[
Begin validStringTest]]>
            </line>
            <line>
              <![CDATA[Complete validStringTest]]>
            </line>
          </reporter-output>
        </test-method> <!-- validStringTest -->
        <test-method status="PASS" signature="validStringTest(java.lang.String, java.lang.String)[pri:0, instance:com.util.test.ReverseStringTest@1cd072a9]" name="validStringTest" duration-ms="1" started-at="2017-09-23T20:26:38Z" data-provider="CSVtest" finished-at="2017-09-23T20:26:38Z">
          <params>
            <param index="0">
              <value is-null="true"/>
            </param>
            <param index="1">
              <value is-null="true"/>
            </param>
          </params>
          <reporter-output>
            <line>
              <![CDATA[
Begin validStringTest]]>
            </line>
          </reporter-output>
        </test-method> <!-- validStringTest -->
        <test-method status="PASS" signature="validStringTest(java.lang.String, java.lang.String)[pri:0, instance:com.util.test.ReverseStringTest@1cd072a9]" name="validStringTest" duration-ms="0" started-at="2017-09-23T20:26:38Z" data-provider="CSVtest" finished-at="2017-09-23T20:26:38Z">
          <params>
            <param index="0">
              <value>
                <![CDATA[19051959]]>
              </value>
            </param>
            <param index="1">
              <value>
                <![CDATA[95915091]]>
              </value>
            </param>
          </params>
          <reporter-output>
            <line>
              <![CDATA[
Begin validStringTest]]>
            </line>
            <line>
              <![CDATA[Complete validStringTest]]>
            </line>
          </reporter-output>
        </test-method> <!-- validStringTest -->
      </class> <!-- com.util.test.ReverseStringTest -->
    </test> <!-- Command line test -->
  </suite> <!-- Command line suite -->
</testng-results>
